<?xml version="1.0" encoding="UTF-8"?>
<!-- Generated by org.testng.reporters.JUnitXMLReporter -->
<testsuite hostname="NJ-PC" ignored="0" name="Verify Page Footer" tests="1" failures="1" timestamp="12 Aug 2018 18:27:36 GMT" time="8.335" errors="0">
  <testcase name="validateSignOnImage" time="0.059" classname="FlightPortal.ValidatePageFooterTest">
    <failure type="java.lang.AssertionError" message="expected [© 2018, Mercury Interactive (v. 011003-1.01-058)] but found [© 2005, Mercury Interactive (v. 011003-1.01-058)]">
      <![CDATA[java.lang.AssertionError: expected [© 2018, Mercury Interactive (v. 011003-1.01-058)] but found [© 2005, Mercury Interactive (v. 011003-1.01-058)]
at FlightPortal.ValidatePageFooterTest.validateSignOnImage(ValidatePageFooterTest.java:28)
... Removed 35 stack frames]]>
    </failure>
  </testcase> <!-- validateSignOnImage -->
</testsuite> <!-- Verify Page Footer -->
