<?xml version="1.0" encoding="UTF-8"?>
<testsuite xmlns:xsi="http://www.w3.org/2001/XMLSchema-instance" xsi:noNamespaceSchemaLocation="https://maven.apache.org/surefire/maven-surefire-plugin/xsd/surefire-test-report.xsd" name="TestSuite" time="32.547" tests="3" errors="0" skipped="0" failures="1">
  <properties>
[...]
</properties>
  <testcase name="basePageNavigation" classname="FlightPortal.ValidateTicketBooking" time="10.473"/>
  <testcase name="validateSignOnImage" classname="FlightPortal.ValidateSignOnTest" time="0.057"/>
  <testcase name="validateSignOnImage" classname="FlightPortal.ValidatePageFooterTest" time="0.556">
    <failure message="expected [© 2018, Mercury Interactive (v. 011003-1.01-058)] but found [© 2005, Mercury Interactive (v. 011003-1.01-058)]" type="java.lang.AssertionError">java.lang.AssertionError: expected [© 2018, Mercury Interactive (v. 011003-1.01-058)] but found [© 2005, Mercury Interactive (v. 011003-1.01-058)]
	at FlightPortal.ValidatePageFooterTest.validateSignOnImage(ValidatePageFooterTest.java:28)
</failure>
    <system-out><![CDATA[chrome
File path:validateSignOnImage
Current Timestamp:20180812_235733
]]></system-out>
    <system-err><![CDATA[Starting ChromeDriver 2.41.578737 (49da6702b16031c40d63e5618de03a32ff6c197e) on port 2657
Only local connections are allowed.
Aug 12, 2018 11:57:30 PM org.openqa.selenium.remote.ProtocolHandshake createSession
INFO: Detected dialect: OSS
]]></system-err>
  </testcase>
</testsuite>